{"uuid":"d8016e15-0f49-4ad8-9d0a-ef70fb632ce2","historyId":"e4aee9f5b5f5207af6bb1734b745a2d4","fullName":"webportal.OC_changes_Signoff.PRJCBUGEN_T48201.Testcase.test","labels":[{"name":"package","value":"webportal.OC_changes_Signoff.PRJCBUGEN_T48201.Testcase"},{"name":"testClass","value":"webportal.OC_changes_Signoff.PRJCBUGEN_T48201.Testcase"},{"name":"testMethod","value":"test"},{"name":"parentSuite","value":"Default suite"},{"name":"suite","value":"Default test"},{"name":"subSuite","value":"webportal.OC_changes_Signoff.PRJCBUGEN_T48201.Testcase"},{"name":"host","value":"DESKTOP-D78A4T4"},{"name":"thread","value":"14704@DESKTOP-D78A4T4.main(1)"},{"name":"feature","value":"OC_changes_Signoff"},{"name":"story","value":"PRJCBUGEN_T48201"}],"links":[{"name":"PRJCBUGEN_T48201","url":"https://jira.netgear.com/secure/Tests.jspa#/testCase/PRJCBUGEN_T48201","type":"tms"}],"name":"test","status":"broken","statusDetails":{"known":false,"muted":false,"flaky":false,"message":"java.lang.reflect.InvocationTargetException","trace":"java.lang.reflect.InvocationTargetException\r\n\tat sun.reflect.NativeMethodAccessorImpl.invoke0(Native Method)\r\n\tat sun.reflect.NativeMethodAccessorImpl.invoke(Unknown Source)\r\n\tat sun.reflect.DelegatingMethodAccessorImpl.invoke(Unknown Source)\r\n\tat java.lang.reflect.Method.invoke(Unknown Source)\r\n\tat testbase.TestCaseBase.runTest(TestCaseBase.java:243)\r\n\tat webportal.OC_changes_Signoff.PRJCBUGEN_T48201.Testcase.test(Testcase.java:48)\r\n\tat sun.reflect.NativeMethodAccessorImpl.invoke0(Native Method)\r\n\tat sun.reflect.NativeMethodAccessorImpl.invoke(Unknown Source)\r\n\tat sun.reflect.DelegatingMethodAccessorImpl.invoke(Unknown Source)\r\n\tat java.lang.reflect.Method.invoke(Unknown Source)\r\n\tat org.testng.internal.MethodInvocationHelper.invokeMethod(MethodInvocationHelper.java:124)\r\n\tat org.testng.internal.MethodInvocationHelper$1.runTestMethod(MethodInvocationHelper.java:230)\r\n\tat util.AllureReporterListener.run(AllureReporterListener.java:15)\r\n\tat org.testng.internal.MethodInvocationHelper.invokeHookable(MethodInvocationHelper.java:242)\r\n\tat org.testng.internal.Invoker.invokeMethod(Invoker.java:579)\r\n\tat org.testng.internal.Invoker.invokeTestMethod(Invoker.java:719)\r\n\tat org.testng.internal.Invoker.invokeTestMethods(Invoker.java:989)\r\n\tat org.testng.internal.TestMethodWorker.invokeTestMethods(TestMethodWorker.java:125)\r\n\tat org.testng.internal.TestMethodWorker.run(TestMethodWorker.java:109)\r\n\tat org.testng.TestRunner.privateRun(TestRunner.java:648)\r\n\tat org.testng.TestRunner.run(TestRunner.java:505)\r\n\tat org.testng.SuiteRunner.runTest(SuiteRunner.java:455)\r\n\tat org.testng.SuiteRunner.runSequentially(SuiteRunner.java:450)\r\n\tat org.testng.SuiteRunner.privateRun(SuiteRunner.java:415)\r\n\tat org.testng.SuiteRunner.run(SuiteRunner.java:364)\r\n\tat org.testng.SuiteRunnerWorker.runSuite(SuiteRunnerWorker.java:52)\r\n\tat org.testng.SuiteRunnerWorker.run(SuiteRunnerWorker.java:84)\r\n\tat org.testng.TestNG.runSuitesSequentially(TestNG.java:1208)\r\n\tat org.testng.TestNG.runSuitesLocally(TestNG.java:1137)\r\n\tat org.testng.TestNG.runSuites(TestNG.java:1049)\r\n\tat org.testng.TestNG.run(TestNG.java:1017)\r\n\tat org.testng.remote.AbstractRemoteTestNG.run(AbstractRemoteTestNG.java:115)\r\n\tat org.testng.remote.RemoteTestNG.initAndRun(RemoteTestNG.java:251)\r\n\tat org.testng.remote.RemoteTestNG.main(RemoteTestNG.java:77)\r\nCaused by: java.lang.AssertionError: More device exits expected [true] but found [false]\r\n\tat org.testng.Assert.fail(Assert.java:96)\r\n\tat org.testng.Assert.failNotEquals(Assert.java:776)\r\n\tat org.testng.Assert.assertTrue(Assert.java:44)\r\n\tat webportal.OC_changes_Signoff.PRJCBUGEN_T48201.Testcase.step4_aroundBody6(Testcase.java:128)\r\n\tat webportal.OC_changes_Signoff.PRJCBUGEN_T48201.Testcase$AjcClosure7.run(Testcase.java:1)\r\n\tat org.aspectj.runtime.reflect.JoinPointImpl.proceed(JoinPointImpl.java:149)\r\n\tat io.qameta.allure.aspects.StepsAspects.step(StepsAspects.java:51)\r\n\tat webportal.OC_changes_Signoff.PRJCBUGEN_T48201.Testcase.step4(Testcase.java:112)\r\n\t... 34 more\r\n"},"stage":"finished","description":"Purchase of Premium subscription plan (premium trial to premium monthly)","start":1750308573670,"stop":1750309227368,"steps":[{"name":"Test Step 1: Create IM WP account success;","status":"passed","stage":"finished","start":1750308573702,"stop":1750308723573},{"name":"Test Step 2: Check account free trial;","status":"passed","stage":"finished","start":1750308723573,"stop":1750308843768},{"name":"Test Step 3: Create new location","status":"passed","stage":"finished","start":1750308843768,"stop":1750308958812},{"name":"Test Step 4: Add device To the Network;","status":"failed","statusDetails":{"known":false,"muted":false,"flaky":false,"message":"More device exits expected [true] but found [false]","trace":"java.lang.AssertionError: More device exits expected [true] but found [false]\r\n\tat org.testng.Assert.fail(Assert.java:96)\r\n\tat org.testng.Assert.failNotEquals(Assert.java:776)\r\n\tat org.testng.Assert.assertTrue(Assert.java:44)\r\n\tat webportal.OC_changes_Signoff.PRJCBUGEN_T48201.Testcase.step4_aroundBody6(Testcase.java:128)\r\n\tat webportal.OC_changes_Signoff.PRJCBUGEN_T48201.Testcase$AjcClosure7.run(Testcase.java:1)\r\n\tat org.aspectj.runtime.reflect.JoinPointImpl.proceed(JoinPointImpl.java:149)\r\n\tat io.qameta.allure.aspects.StepsAspects.step(StepsAspects.java:51)\r\n\tat webportal.OC_changes_Signoff.PRJCBUGEN_T48201.Testcase.step4(Testcase.java:112)\r\n\tat sun.reflect.NativeMethodAccessorImpl.invoke0(Native Method)\r\n\tat sun.reflect.NativeMethodAccessorImpl.invoke(Unknown Source)\r\n\tat sun.reflect.DelegatingMethodAccessorImpl.invoke(Unknown Source)\r\n\tat java.lang.reflect.Method.invoke(Unknown Source)\r\n\tat testbase.TestCaseBase.runTest(TestCaseBase.java:243)\r\n\tat webportal.OC_changes_Signoff.PRJCBUGEN_T48201.Testcase.test(Testcase.java:48)\r\n\tat sun.reflect.NativeMethodAccessorImpl.invoke0(Native Method)\r\n\tat sun.reflect.NativeMethodAccessorImpl.invoke(Unknown Source)\r\n\tat sun.reflect.DelegatingMethodAccessorImpl.invoke(Unknown Source)\r\n\tat java.lang.reflect.Method.invoke(Unknown Source)\r\n\tat org.testng.internal.MethodInvocationHelper.invokeMethod(MethodInvocationHelper.java:124)\r\n\tat org.testng.internal.MethodInvocationHelper$1.runTestMethod(MethodInvocationHelper.java:230)\r\n\tat util.AllureReporterListener.run(AllureReporterListener.java:15)\r\n\tat org.testng.internal.MethodInvocationHelper.invokeHookable(MethodInvocationHelper.java:242)\r\n\tat org.testng.internal.Invoker.invokeMethod(Invoker.java:579)\r\n\tat org.testng.internal.Invoker.invokeTestMethod(Invoker.java:719)\r\n\tat org.testng.internal.Invoker.invokeTestMethods(Invoker.java:989)\r\n\tat org.testng.internal.TestMethodWorker.invokeTestMethods(TestMethodWorker.java:125)\r\n\tat org.testng.internal.TestMethodWorker.run(TestMethodWorker.java:109)\r\n\tat org.testng.TestRunner.privateRun(TestRunner.java:648)\r\n\tat org.testng.TestRunner.run(TestRunner.java:505)\r\n\tat org.testng.SuiteRunner.runTest(SuiteRunner.java:455)\r\n\tat org.testng.SuiteRunner.runSequentially(SuiteRunner.java:450)\r\n\tat org.testng.SuiteRunner.privateRun(SuiteRunner.java:415)\r\n\tat org.testng.SuiteRunner.run(SuiteRunner.java:364)\r\n\tat org.testng.SuiteRunnerWorker.runSuite(SuiteRunnerWorker.java:52)\r\n\tat org.testng.SuiteRunnerWorker.run(SuiteRunnerWorker.java:84)\r\n\tat org.testng.TestNG.runSuitesSequentially(TestNG.java:1208)\r\n\tat org.testng.TestNG.runSuitesLocally(TestNG.java:1137)\r\n\tat org.testng.TestNG.runSuites(TestNG.java:1049)\r\n\tat org.testng.TestNG.run(TestNG.java:1017)\r\n\tat org.testng.remote.AbstractRemoteTestNG.run(AbstractRemoteTestNG.java:115)\r\n\tat org.testng.remote.RemoteTestNG.initAndRun(RemoteTestNG.java:251)\r\n\tat org.testng.remote.RemoteTestNG.main(RemoteTestNG.java:77)\r\n"},"stage":"finished","start":1750308958813,"stop":1750309224630}],"attachments":[{"name":"Page Screenshot","source":"df5f16e2-038d-44c1-8cfa-c4c0123ef3ec-attachment","type":"image/png"}],"parameters":[]}